
DATASET with corpusSize=-1, vocabSize=-1:
	 Training set size: 18846 documents
	 Vocabulary size: 97732 terms
	 Training set size: 2133112 tokens
	 Preprocessing time: 10.651243 sec

PeriodicGraphCheckpointer.updateGraph: persisting 45
PeriodicGraphCheckpointer.updateGraph: persisting 58
Iteration 0:	time=2.132279	logLike=-1.96277629341477E7	logPrior=-229.23414864651966
PeriodicGraphCheckpointer.updateGraph: persisting 76
Iteration 1:	time=1.353895	logLike=-1.9626901906789493E7	logPrior=-229.21527698944442
PeriodicGraphCheckpointer.updateGraph: persisting 94
PeriodicGraphCheckpointer.updateGraph: unpersisting 45
Iteration 2:	time=1.432775	logLike=-1.9625009450120464E7	logPrior=-229.20993294601845
PeriodicGraphCheckpointer.updateGraph: persisting 112
PeriodicGraphCheckpointer.updateGraph: unpersisting 58
Iteration 3:	time=1.320846	logLike=-1.9621182181985844E7	logPrior=-229.2090411794527
PeriodicGraphCheckpointer.updateGraph: persisting 130
PeriodicGraphCheckpointer.updateGraph: unpersisting 76
Iteration 4:	time=1.358314	logLike=-1.9614810010130927E7	logPrior=-229.21129032578025
PeriodicGraphCheckpointer.updateGraph: persisting 148
PeriodicGraphCheckpointer.updateGraph: unpersisting 94
Iteration 5:	time=1.340682	logLike=-1.9606271264148045E7	logPrior=-229.2183572532799
PeriodicGraphCheckpointer.updateGraph: persisting 166
PeriodicGraphCheckpointer.updateGraph: unpersisting 112
Iteration 6:	time=1.329244	logLike=-1.9596177492194377E7	logPrior=-229.2355063943341
PeriodicGraphCheckpointer.updateGraph: persisting 184
PeriodicGraphCheckpointer.updateGraph: unpersisting 130
Iteration 7:	time=1.396841	logLike=-1.9582921637280446E7	logPrior=-229.2749066890535
PeriodicGraphCheckpointer.updateGraph: persisting 202
PeriodicGraphCheckpointer.updateGraph: unpersisting 148
Iteration 8:	time=1.305208	logLike=-1.9563482205872502E7	logPrior=-229.36181168013186
PeriodicGraphCheckpointer.updateGraph: persisting 220
PeriodicGraphCheckpointer.updateGraph: unpersisting 166
Iteration 9:	time=1.344301	logLike=-1.9535452629528396E7	logPrior=-229.5322442685296
PeriodicGraphCheckpointer.updateGraph: persisting 238
PeriodicGraphCheckpointer.updateGraph: unpersisting 184
Iteration 10:	time=1.397263	logLike=-1.9496506561076958E7	logPrior=-229.7865954042349
PeriodicGraphCheckpointer.updateGraph: persisting 256
PeriodicGraphCheckpointer.updateGraph: unpersisting 202
Iteration 11:	time=1.342735	logLike=-1.9442305083583184E7	logPrior=-230.05085138536333
PeriodicGraphCheckpointer.updateGraph: persisting 274
PeriodicGraphCheckpointer.updateGraph: unpersisting 220
Iteration 12:	time=1.303497	logLike=-1.936580081555474E7	logPrior=-230.2730066937148
PeriodicGraphCheckpointer.updateGraph: persisting 292
PeriodicGraphCheckpointer.updateGraph: unpersisting 238
Iteration 13:	time=1.318436	logLike=-1.9260586716981225E7	logPrior=-230.46085817840617
PeriodicGraphCheckpointer.updateGraph: persisting 310
PeriodicGraphCheckpointer.updateGraph: unpersisting 256
Iteration 14:	time=1.305433	logLike=-1.9127691356877353E7	logPrior=-230.63314373480142
PeriodicGraphCheckpointer.updateGraph: persisting 328
PeriodicGraphCheckpointer.updateGraph: unpersisting 274
Iteration 15:	time=1.309033	logLike=-1.89797538847017E7	logPrior=-230.80184824981302
PeriodicGraphCheckpointer.updateGraph: persisting 346
PeriodicGraphCheckpointer.updateGraph: unpersisting 292
Iteration 16:	time=1.315335	logLike=-1.883356338119529E7	logPrior=-230.98048299872838
PeriodicGraphCheckpointer.updateGraph: persisting 364
PeriodicGraphCheckpointer.updateGraph: unpersisting 310
Iteration 17:	time=1.321312	logLike=-1.8700470742160115E7	logPrior=-231.19547612957408
PeriodicGraphCheckpointer.updateGraph: persisting 382
PeriodicGraphCheckpointer.updateGraph: unpersisting 328
Iteration 18:	time=1.316629	logLike=-1.8585396979656808E7	logPrior=-231.45759762002956
PeriodicGraphCheckpointer.updateGraph: persisting 400
PeriodicGraphCheckpointer.updateGraph: unpersisting 346
Iteration 19:	time=1.332216	logLike=-1.8487696068670325E7	logPrior=-231.73503779224208
PeriodicGraphCheckpointer.updateGraph: persisting 418
PeriodicGraphCheckpointer.updateGraph: unpersisting 364
Iteration 20:	time=1.309045	logLike=-1.840472959184631E7	logPrior=-232.0123961702173
PeriodicGraphCheckpointer.updateGraph: persisting 436
PeriodicGraphCheckpointer.updateGraph: unpersisting 382
Iteration 21:	time=1.322362	logLike=-1.833472739462149E7	logPrior=-232.30154063660686
PeriodicGraphCheckpointer.updateGraph: persisting 454
PeriodicGraphCheckpointer.updateGraph: unpersisting 400
Iteration 22:	time=1.568792	logLike=-1.8276587512644313E7	logPrior=-232.6104270155236
PeriodicGraphCheckpointer.updateGraph: persisting 472
PeriodicGraphCheckpointer.updateGraph: unpersisting 418
Iteration 23:	time=1.350386	logLike=-1.822884300055813E7	logPrior=-232.93039035947166
PeriodicGraphCheckpointer.updateGraph: persisting 490
PeriodicGraphCheckpointer.updateGraph: unpersisting 436
Iteration 24:	time=1.40427	logLike=-1.8189714402748566E7	logPrior=-233.2402019179429
PeriodicGraphCheckpointer.updateGraph: persisting 508
PeriodicGraphCheckpointer.updateGraph: unpersisting 454
Iteration 25:	time=1.321581	logLike=-1.815779822065612E7	logPrior=-233.51924357490253
PeriodicGraphCheckpointer.updateGraph: persisting 526
PeriodicGraphCheckpointer.updateGraph: unpersisting 472
Iteration 26:	time=1.320049	logLike=-1.8131683544352483E7	logPrior=-233.75496345330544
PeriodicGraphCheckpointer.updateGraph: persisting 544
PeriodicGraphCheckpointer.updateGraph: unpersisting 490
Iteration 27:	time=1.310808	logLike=-1.8109596233579744E7	logPrior=-233.9436402866892
PeriodicGraphCheckpointer.updateGraph: persisting 562
PeriodicGraphCheckpointer.updateGraph: unpersisting 508
Iteration 28:	time=1.294794	logLike=-1.8090523173698377E7	logPrior=-234.08776578961397
PeriodicGraphCheckpointer.updateGraph: persisting 580
PeriodicGraphCheckpointer.updateGraph: unpersisting 526
Iteration 29:	time=1.302428	logLike=-1.807392864624393E7	logPrior=-234.19222227694394
PeriodicGraphCheckpointer.updateGraph: persisting 598
PeriodicGraphCheckpointer.updateGraph: unpersisting 544
Iteration 30:	time=1.300156	logLike=-1.805915054276749E7	logPrior=-234.2617212924828
PeriodicGraphCheckpointer.updateGraph: persisting 616
PeriodicGraphCheckpointer.updateGraph: unpersisting 562
Iteration 31:	time=1.312079	logLike=-1.804565965927757E7	logPrior=-234.30089480775237
PeriodicGraphCheckpointer.updateGraph: persisting 634
PeriodicGraphCheckpointer.updateGraph: unpersisting 580
Iteration 32:	time=1.29916	logLike=-1.8033194635858685E7	logPrior=-234.31566284230198
PeriodicGraphCheckpointer.updateGraph: persisting 652
PeriodicGraphCheckpointer.updateGraph: unpersisting 598
Iteration 33:	time=1.355565	logLike=-1.8021546676630862E7	logPrior=-234.31339621906994
PeriodicGraphCheckpointer.updateGraph: persisting 670
PeriodicGraphCheckpointer.updateGraph: unpersisting 616
Iteration 34:	time=1.373248	logLike=-1.8010491683916505E7	logPrior=-234.300758616169
PeriodicGraphCheckpointer.updateGraph: persisting 688
PeriodicGraphCheckpointer.updateGraph: unpersisting 634
Iteration 35:	time=1.29996	logLike=-1.799997586248813E7	logPrior=-234.28253441061
PeriodicGraphCheckpointer.updateGraph: persisting 706
PeriodicGraphCheckpointer.updateGraph: unpersisting 652
Iteration 36:	time=1.302508	logLike=-1.799034616202369E7	logPrior=-234.26181992373284
PeriodicGraphCheckpointer.updateGraph: persisting 724
PeriodicGraphCheckpointer.updateGraph: unpersisting 670
Iteration 37:	time=1.336667	logLike=-1.798172656776979E7	logPrior=-234.24069006181975
PeriodicGraphCheckpointer.updateGraph: persisting 742
PeriodicGraphCheckpointer.updateGraph: unpersisting 688
Iteration 38:	time=1.289104	logLike=-1.7973914720320847E7	logPrior=-234.22054863088886
PeriodicGraphCheckpointer.updateGraph: persisting 760
PeriodicGraphCheckpointer.updateGraph: unpersisting 706
Iteration 39:	time=1.298895	logLike=-1.7966849025896177E7	logPrior=-234.20154866110738
PeriodicGraphCheckpointer.updateGraph: persisting 778
PeriodicGraphCheckpointer.updateGraph: unpersisting 724
Iteration 40:	time=1.398594	logLike=-1.7960516431241184E7	logPrior=-234.18247721193174
PeriodicGraphCheckpointer.updateGraph: persisting 796
PeriodicGraphCheckpointer.updateGraph: unpersisting 742
Iteration 41:	time=1.308084	logLike=-1.79548243488655E7	logPrior=-234.16118996894838
PeriodicGraphCheckpointer.updateGraph: persisting 814
PeriodicGraphCheckpointer.updateGraph: unpersisting 760
Iteration 42:	time=1.30297	logLike=-1.7949769843674596E7	logPrior=-234.13620104173677
PeriodicGraphCheckpointer.updateGraph: persisting 832
PeriodicGraphCheckpointer.updateGraph: unpersisting 778
Iteration 43:	time=1.316185	logLike=-1.794542592652152E7	logPrior=-234.10787797698413
PeriodicGraphCheckpointer.updateGraph: persisting 850
PeriodicGraphCheckpointer.updateGraph: unpersisting 796
Iteration 44:	time=1.31343	logLike=-1.7941775940260112E7	logPrior=-234.07756400389007
PeriodicGraphCheckpointer.updateGraph: persisting 868
PeriodicGraphCheckpointer.updateGraph: unpersisting 814
Iteration 45:	time=1.298809	logLike=-1.7938599313077588E7	logPrior=-234.04679044071807
PeriodicGraphCheckpointer.updateGraph: persisting 886
PeriodicGraphCheckpointer.updateGraph: unpersisting 832
Iteration 46:	time=1.458508	logLike=-1.7935709264588013E7	logPrior=-234.01792492238707
PeriodicGraphCheckpointer.updateGraph: persisting 904
PeriodicGraphCheckpointer.updateGraph: unpersisting 850
Iteration 47:	time=1.309449	logLike=-1.793298885381731E7	logPrior=-233.99349111148095
PeriodicGraphCheckpointer.updateGraph: persisting 922
PeriodicGraphCheckpointer.updateGraph: unpersisting 868
Iteration 48:	time=1.411608	logLike=-1.7930376450337887E7	logPrior=-233.97428807167762
PeriodicGraphCheckpointer.updateGraph: persisting 940
PeriodicGraphCheckpointer.updateGraph: unpersisting 886
Iteration 49:	time=1.305865	logLike=-1.7927875653088905E7	logPrior=-233.95960755244613
PeriodicGraphCheckpointer.updateGraph: persisting 958
PeriodicGraphCheckpointer.updateGraph: unpersisting 904
Iteration 50:	time=1.296709	logLike=-1.792550093434739E7	logPrior=-233.94824021163413
PeriodicGraphCheckpointer.updateGraph: persisting 976
PeriodicGraphCheckpointer.updateGraph: unpersisting 922
Iteration 51:	time=1.423267	logLike=-1.7923284529316455E7	logPrior=-233.9389898806699
PeriodicGraphCheckpointer.updateGraph: persisting 994
PeriodicGraphCheckpointer.updateGraph: unpersisting 940
Iteration 52:	time=1.294916	logLike=-1.792127563442681E7	logPrior=-233.93084173590722
PeriodicGraphCheckpointer.updateGraph: persisting 1012
PeriodicGraphCheckpointer.updateGraph: unpersisting 958
Iteration 53:	time=1.311317	logLike=-1.791943492289619E7	logPrior=-233.92301624621047
PeriodicGraphCheckpointer.updateGraph: persisting 1030
PeriodicGraphCheckpointer.updateGraph: unpersisting 976
Iteration 54:	time=1.289337	logLike=-1.7917701142723713E7	logPrior=-233.915057657847
PeriodicGraphCheckpointer.updateGraph: persisting 1048
PeriodicGraphCheckpointer.updateGraph: unpersisting 994
Iteration 55:	time=1.295818	logLike=-1.7916042869889654E7	logPrior=-233.9068314387244
PeriodicGraphCheckpointer.updateGraph: persisting 1066
PeriodicGraphCheckpointer.updateGraph: unpersisting 1012
Iteration 56:	time=1.278354	logLike=-1.7914435373757638E7	logPrior=-233.89844765231805
PeriodicGraphCheckpointer.updateGraph: persisting 1084
PeriodicGraphCheckpointer.updateGraph: unpersisting 1030
Iteration 57:	time=1.295926	logLike=-1.7912850349668194E7	logPrior=-233.89014353949693
PeriodicGraphCheckpointer.updateGraph: persisting 1102
PeriodicGraphCheckpointer.updateGraph: unpersisting 1048
Iteration 58:	time=1.323028	logLike=-1.7911270809640355E7	logPrior=-233.8821668663528
PeriodicGraphCheckpointer.updateGraph: persisting 1120
PeriodicGraphCheckpointer.updateGraph: unpersisting 1066
Iteration 59:	time=1.309856	logLike=-1.790969495443619E7	logPrior=-233.87472055130144
PeriodicGraphCheckpointer.updateGraph: persisting 1138
PeriodicGraphCheckpointer.updateGraph: unpersisting 1084
Iteration 60:	time=1.317791	logLike=-1.790813370204518E7	logPrior=-233.86795374082905
PeriodicGraphCheckpointer.updateGraph: persisting 1156
PeriodicGraphCheckpointer.updateGraph: unpersisting 1102
Iteration 61:	time=1.307472	logLike=-1.7906614084927537E7	logPrior=-233.86199380253353
PeriodicGraphCheckpointer.updateGraph: persisting 1174
PeriodicGraphCheckpointer.updateGraph: unpersisting 1120
Iteration 62:	time=1.382926	logLike=-1.7905148023637824E7	logPrior=-233.85696206876355
PeriodicGraphCheckpointer.updateGraph: persisting 1192
PeriodicGraphCheckpointer.updateGraph: unpersisting 1138
Iteration 63:	time=1.408795	logLike=-1.790371795880837E7	logPrior=-233.85295777605555
PeriodicGraphCheckpointer.updateGraph: persisting 1210
PeriodicGraphCheckpointer.updateGraph: unpersisting 1156
Iteration 64:	time=1.294376	logLike=-1.790230987074727E7	logPrior=-233.8500489171396
PeriodicGraphCheckpointer.updateGraph: persisting 1228
PeriodicGraphCheckpointer.updateGraph: unpersisting 1174
Iteration 65:	time=1.28921	logLike=-1.7900920082518626E7	logPrior=-233.8482779944913
PeriodicGraphCheckpointer.updateGraph: persisting 1246
PeriodicGraphCheckpointer.updateGraph: unpersisting 1192
Iteration 66:	time=1.296644	logLike=-1.789957024368914E7	logPrior=-233.84768308768216
PeriodicGraphCheckpointer.updateGraph: persisting 1264
PeriodicGraphCheckpointer.updateGraph: unpersisting 1210
Iteration 67:	time=1.297924	logLike=-1.789829921616983E7	logPrior=-233.84827140640238
PeriodicGraphCheckpointer.updateGraph: persisting 1282
PeriodicGraphCheckpointer.updateGraph: unpersisting 1228
Iteration 68:	time=1.307267	logLike=-1.7897110142733026E7	logPrior=-233.84994107424913
PeriodicGraphCheckpointer.updateGraph: persisting 1300
PeriodicGraphCheckpointer.updateGraph: unpersisting 1246
Iteration 69:	time=1.29785	logLike=-1.7895974110615592E7	logPrior=-233.85253199930503
PeriodicGraphCheckpointer.updateGraph: persisting 1318
PeriodicGraphCheckpointer.updateGraph: unpersisting 1264
Iteration 70:	time=1.3088	logLike=-1.789488151067809E7	logPrior=-233.85592138401643
PeriodicGraphCheckpointer.updateGraph: persisting 1336
PeriodicGraphCheckpointer.updateGraph: unpersisting 1282
Iteration 71:	time=1.307625	logLike=-1.7893841242662903E7	logPrior=-233.86002576814744
PeriodicGraphCheckpointer.updateGraph: persisting 1354
PeriodicGraphCheckpointer.updateGraph: unpersisting 1300
Iteration 72:	time=1.311754	logLike=-1.7892848161492154E7	logPrior=-233.86477397316503
PeriodicGraphCheckpointer.updateGraph: persisting 1372
PeriodicGraphCheckpointer.updateGraph: unpersisting 1318
Iteration 73:	time=1.302413	logLike=-1.7891889248425897E7	logPrior=-233.8701184656531
PeriodicGraphCheckpointer.updateGraph: persisting 1390
PeriodicGraphCheckpointer.updateGraph: unpersisting 1336
Iteration 74:	time=1.293612	logLike=-1.789094566964549E7	logPrior=-233.87602639491945
PeriodicGraphCheckpointer.updateGraph: persisting 1408
PeriodicGraphCheckpointer.updateGraph: unpersisting 1354
Iteration 75:	time=1.322489	logLike=-1.7890004700148825E7	logPrior=-233.882459118534
PeriodicGraphCheckpointer.updateGraph: persisting 1426
PeriodicGraphCheckpointer.updateGraph: unpersisting 1372
Iteration 76:	time=1.297191	logLike=-1.78890595956984E7	logPrior=-233.8893461758324
PeriodicGraphCheckpointer.updateGraph: persisting 1444
PeriodicGraphCheckpointer.updateGraph: unpersisting 1390
Iteration 77:	time=1.306484	logLike=-1.788809755398216E7	logPrior=-233.89659485801624
PeriodicGraphCheckpointer.updateGraph: persisting 1462
PeriodicGraphCheckpointer.updateGraph: unpersisting 1408
Iteration 78:	time=1.307266	logLike=-1.7887117478847355E7	logPrior=-233.90413553987815
PeriodicGraphCheckpointer.updateGraph: persisting 1480
PeriodicGraphCheckpointer.updateGraph: unpersisting 1426
Iteration 79:	time=1.315402	logLike=-1.788613082254727E7	logPrior=-233.91194758500376
PeriodicGraphCheckpointer.updateGraph: persisting 1498
PeriodicGraphCheckpointer.updateGraph: unpersisting 1444
Iteration 80:	time=1.299998	logLike=-1.7885149716536485E7	logPrior=-233.9200748823772
PeriodicGraphCheckpointer.updateGraph: persisting 1516
PeriodicGraphCheckpointer.updateGraph: unpersisting 1462
Iteration 81:	time=1.305797	logLike=-1.7884175403776933E7	logPrior=-233.92862524423424
PeriodicGraphCheckpointer.updateGraph: persisting 1534
PeriodicGraphCheckpointer.updateGraph: unpersisting 1480
Iteration 82:	time=1.472601	logLike=-1.78831986348643E7	logPrior=-233.93773811268676
PeriodicGraphCheckpointer.updateGraph: persisting 1552
PeriodicGraphCheckpointer.updateGraph: unpersisting 1498
Iteration 83:	time=1.299755	logLike=-1.7882208815330427E7	logPrior=-233.94755579338917
PeriodicGraphCheckpointer.updateGraph: persisting 1570
PeriodicGraphCheckpointer.updateGraph: unpersisting 1516
Iteration 84:	time=1.461085	logLike=-1.7881207585249767E7	logPrior=-233.95820349763954
PeriodicGraphCheckpointer.updateGraph: persisting 1588
PeriodicGraphCheckpointer.updateGraph: unpersisting 1534
Iteration 85:	time=1.296365	logLike=-1.7880211809501335E7	logPrior=-233.9697718340664
PeriodicGraphCheckpointer.updateGraph: persisting 1606
PeriodicGraphCheckpointer.updateGraph: unpersisting 1552
Iteration 86:	time=1.401903	logLike=-1.7879220298495285E7	logPrior=-233.98231948755523
PeriodicGraphCheckpointer.updateGraph: persisting 1624
PeriodicGraphCheckpointer.updateGraph: unpersisting 1570
Iteration 87:	time=1.296428	logLike=-1.7878212914243314E7	logPrior=-233.99586511381324
PeriodicGraphCheckpointer.updateGraph: persisting 1642
PeriodicGraphCheckpointer.updateGraph: unpersisting 1588
Iteration 88:	time=1.32545	logLike=-1.7877179268276054E7	logPrior=-234.01036881689612
PeriodicGraphCheckpointer.updateGraph: persisting 1660
PeriodicGraphCheckpointer.updateGraph: unpersisting 1606
Iteration 89:	time=1.298316	logLike=-1.7876125813885055E7	logPrior=-234.0257597577002
PeriodicGraphCheckpointer.updateGraph: persisting 1678
PeriodicGraphCheckpointer.updateGraph: unpersisting 1624
Iteration 90:	time=1.302603	logLike=-1.7875068713307418E7	logPrior=-234.04197610027813
PeriodicGraphCheckpointer.updateGraph: persisting 1696
PeriodicGraphCheckpointer.updateGraph: unpersisting 1642
Iteration 91:	time=1.306962	logLike=-1.7874014256792754E7	logPrior=-234.0589823971148
PeriodicGraphCheckpointer.updateGraph: persisting 1714
PeriodicGraphCheckpointer.updateGraph: unpersisting 1660
Iteration 92:	time=1.452321	logLike=-1.7872950970733143E7	logPrior=-234.07677682638806
PeriodicGraphCheckpointer.updateGraph: persisting 1732
PeriodicGraphCheckpointer.updateGraph: unpersisting 1678
Iteration 93:	time=1.351514	logLike=-1.7871857124821853E7	logPrior=-234.09538768294289
PeriodicGraphCheckpointer.updateGraph: persisting 1750
PeriodicGraphCheckpointer.updateGraph: unpersisting 1696
Iteration 94:	time=1.301056	logLike=-1.787071417334854E7	logPrior=-234.11485900422042
PeriodicGraphCheckpointer.updateGraph: persisting 1768
PeriodicGraphCheckpointer.updateGraph: unpersisting 1714
Iteration 95:	time=1.294464	logLike=-1.7869518333495498E7	logPrior=-234.1352443047128
PeriodicGraphCheckpointer.updateGraph: persisting 1786
PeriodicGraphCheckpointer.updateGraph: unpersisting 1732
Iteration 96:	time=1.314986	logLike=-1.786823570004419E7	logPrior=-234.15662989513356
PeriodicGraphCheckpointer.updateGraph: persisting 1804
PeriodicGraphCheckpointer.updateGraph: unpersisting 1750
Iteration 97:	time=1.318534	logLike=-1.786683769553998E7	logPrior=-234.17907226239458
PeriodicGraphCheckpointer.updateGraph: persisting 1822
PeriodicGraphCheckpointer.updateGraph: unpersisting 1768
Iteration 98:	time=1.310417	logLike=-1.7865509865379594E7	logPrior=-234.2023045438354
PeriodicGraphCheckpointer.updateGraph: persisting 1840
PeriodicGraphCheckpointer.updateGraph: unpersisting 1786
Iteration 99:	time=1.312366	logLike=-1.786429996559527E7	logPrior=-234.2258532757651
Finished training LDA model.  Summary:
	 Training time: 273.239115 sec
	 Training data average log likelihood: -947.9093688631684
	 Training times per iteration (sec):
	2.132279
	1.353895
	1.432775
	1.320846
	1.358314
	1.340682
	1.329244
	1.396841
	1.305208
	1.344301
	1.397263
	1.342735
	1.303497
	1.318436
	1.305433
	1.309033
	1.315335
	1.321312
	1.316629
	1.332216
	1.309045
	1.322362
	1.568792
	1.350386
	1.40427
	1.321581
	1.320049
	1.310808
	1.294794
	1.302428
	1.300156
	1.312079
	1.29916
	1.355565
	1.373248
	1.29996
	1.302508
	1.336667
	1.289104
	1.298895
	1.398594
	1.308084
	1.30297
	1.316185
	1.31343
	1.298809
	1.458508
	1.309449
	1.411608
	1.305865
	1.296709
	1.423267
	1.294916
	1.311317
	1.289337
	1.295818
	1.278354
	1.295926
	1.323028
	1.309856
	1.317791
	1.307472
	1.382926
	1.408795
	1.294376
	1.28921
	1.296644
	1.297924
	1.307267
	1.29785
	1.3088
	1.307625
	1.311754
	1.302413
	1.293612
	1.322489
	1.297191
	1.306484
	1.307266
	1.315402
	1.299998
	1.305797
	1.472601
	1.299755
	1.461085
	1.296365
	1.401903
	1.296428
	1.32545
	1.298316
	1.302603
	1.306962
	1.452321
	1.351514
	1.301056
	1.294464
	1.314986
	1.318534
	1.310417
	1.312366


20 topics:
TOPIC 0
game	0.014230931823954764
team	0.011414571060573322
hockey	0.009229978053702733
play	0.008842286427929462
games	0.00764319475701612
canada	0.006407303173252178
year	0.0060033053743992594
period	0.005919708138528917
win	0.005509483611629447
nhl	0.005363524759538783
season	0.005320177359602682
division	0.005012974982004073
boston	0.004825452069825516
toronto	0.004731595806908618
goal	0.004411473699090145
pittsburgh	0.004058759649927056
players	0.004002009217996904
cup	0.0038515072386775713
fans	0.003850969624347894
lines	0.0037497944033640374
player	0.0037057133959219734
teams	0.003674657253553324
series	0.003598364186869512
mike	0.003526874068926515
league	0.00348687978662941
wings	0.0034151179474137938
don	0.003379735753455972
pit	0.0033752365248553773
detroit	0.0033726108109632964
points	0.0033043500016646347
played	0.0032000546224413766
montreal	0.0030941293402831894
rangers	0.003026263611038511
best	0.0030090940634417357
van	0.0030023045905989746
second	0.00299370290753753
espn	0.002953235050504309
leafs	0.0029527524159385153
april	0.002868843029024483
pts	0.0027735734468926528
buffalo	0.0027728726897850702
det	0.002767668388335308
buf	0.00276761721016627
playoffs	0.0027320549193192425
subject	0.0027119638290714707
university	0.002698769588936593
playoff	0.0026134620534924696
bos	0.002582820802728838
goals	0.0025662724239929806
ice	0.002562077861468975

TOPIC 1
space	0.021073985993375857
nasa	0.006801405847124271
earth	0.006029101824698928
henry	0.005125162009344907
launch	0.004714913513230563
mission	0.0042103105731032715
shuttle	0.004141903706880496
system	0.0041089312932981225
moon	0.004028719753650855
orbit	0.0039774184491710805
science	0.0037728559502949316
project	0.0034976171301318625
solar	0.0033884601973775902
pat	0.0033764440747832626
station	0.003204920727507109
years	0.0031866075268516467
satellite	0.003161293545855968
data	0.003098812384250261
energy	0.0029991372364285562
sky	0.0029732076141006252
cost	0.0028574496043781033
spacecraft	0.002776195329391322
technology	0.0026297546343721835
surface	0.002575500805986759
program	0.0025507105534725376
planet	0.0025502163039579718
lunar	0.002513653291771675
flight	0.0025112014032184606
hst	0.0025076460700841166
laboratory	0.0024509132831880918
mass	0.0023292288677275903
astronomy	0.00228852923123566
spencer	0.002247486846914389
design	0.0022325780965217323
mars	0.002192035594433152
world	0.0021850400121374205
high	0.0021279972234930075
national	0.002099599284674128
development	0.002098593903601943
systems	0.002091268639239356
small	0.0020660284055789555
light	0.0019715490177090304
april	0.001964959841063271
sun	0.0019625839377689297
propulsion	0.0019210377718216173
year	0.001901004876777346
commercial	0.0017982875580855504
rocket	0.0017803216183053523
international	0.0017631978340676123
field	0.001761852576327826

TOPIC 2
drive	0.02177950007690859
card	0.01581982282426646
system	0.013987351644129111
scsi	0.012700609342131103
hard	0.011269629795940542
disk	0.010878000133676378
mac	0.010176597860329017
problem	0.009471048053838848
video	0.009142395912180972
memory	0.009122128033689654
bit	0.008091009918933304
monitor	0.0078289708644353
apple	0.007189386070840204
problems	0.006957449362875753
drives	0.0064790366755183345
board	0.006334259260311949
drivers	0.006156487637989378
work	0.006122040069766458
ram	0.006063685708970903
software	0.006062951042902272
bus	0.0059385475314828965
speed	0.005838545038902516
ide	0.005773534391091025
controller	0.005679353721636067
modem	0.0056429421596329256
mode	0.005390320066055721
machine	0.005196815721317869
cards	0.005130836398106193
ibm	0.004797206693648071
port	0.004768561139479923
cpu	0.004661068718692848
data	0.0046251022977938485
floppy	0.004278123304559375
hardware	0.004026807654616342
vga	0.003997120056379271
disks	0.0037963586056812557
fast	0.0037589327061280627
driver	0.0037381452065691754
tape	0.003650604840971079
mhz	0.0034828352826177106
works	0.0034494822630739773
faster	0.003374500794232033
support	0.0033531406016432605
motherboard	0.003349785410168667
computer	0.0033460915608427527
running	0.0032641353270018683
bios	0.003259052723195427
performance	0.003202429099990722
serial	0.0031740408855392404
internal	0.003121672997359604

TOPIC 3
lines	0.04445413568157694
organization	0.04257994685038065
subject	0.0411085547356019
university	0.035156965064763554
windows	0.029783410165053505
dos	0.01976288910116966
help	0.017097442203775105
computer	0.016320063773047625
version	0.011012954620855222
internet	0.010694379579335552
fax	0.010684062074712685
tin	0.009793927692587832
dept	0.009477393618767743
advance	0.009026646133936838
engineering	0.007876043861713403
network	0.007769936272523307
email	0.007718949501023416
keywords	0.007424055626319805
appreciated	0.00720049757578254
access	0.007168493667112928
unix	0.0069976452610226525
mouse	0.006924506018942866
info	0.006014533613441003
computing	0.005818837376297936
printer	0.005724318138627885
software	0.005435024544388099
problem	0.005312119728617846
microsoft	0.005230616301020636
running	0.005063592491473208
world	0.004788816516137317
hello	0.004613122579539444
department	0.0044866024055445685
science	0.004433861813293501
peter	0.0043719500551067545
systems	0.004285557972224037
appreciate	0.004202267242048308
phone	0.004003844703036173
math	0.003925211692917707
australia	0.003816416652881555
wrote	0.0035812059353358613
tel	0.0035638469265521964
driver	0.0034978608461930837
net	0.0033634147312906113
services	0.0033016892941928303
mail	0.0032101215281899356
greatly	0.0031388582085169706
bbs	0.003113120147961776
font	0.003049875166461965
manager	0.0030440262690859788
fonts	0.0028876243364503998

TOPIC 4
god	0.02808582536230268
jesus	0.01221451976816625
bible	0.008062197701828644
christian	0.007878765657941109
church	0.007245055898334976
christians	0.006711898703447622
people	0.006606474368062133
christ	0.006330220085966582
faith	0.005826311601001251
life	0.005817146990574897
love	0.0056015077483058985
man	0.004935331319097763
christianity	0.004598774931772676
sin	0.004480107257042941
word	0.004311559874114194
lord	0.004242172608933991
paul	0.004150639796968352
hell	0.003712616267871592
law	0.003591394691058679
good	0.0035625831474420775
things	0.003185977389108808
john	0.0029753916021586784
heaven	0.002891206603579131
world	0.002790514689373188
father	0.0027182107427539386
death	0.002646197635587748
question	0.0026357154015241835
spirit	0.0025747622743618713
words	0.002560137788002525
day	0.002546830093552105
true	0.00254192713339337
son	0.0025289956318719454
holy	0.00251669194811059
fact	0.002469934868854595
matthew	0.00239427689895409
scripture	0.0023294777984729786
point	0.0023276981265296266
read	0.002323827431306616
catholic	0.0022798716307847514
mary	0.002272673636688234
eternal	0.0022456556788075046
book	0.0022182765095320033
great	0.0021730149164992806
find	0.0021568433795311993
truth	0.0021204502694216303
human	0.002050246215199108
die	0.0020323763381446505
earth	0.001959101633462952
acts	0.0019487526072009928
religion	0.0019283120311912926

TOPIC 5
max	0.09321538764873158
lines	0.03480482444237377
organization	0.033946084245847774
subject	0.0321644315371478
michael	0.02608012149229301
institute	0.01756127019371281
technology	0.01293316683842563
bhj	0.009268786987087595
giz	0.008481625968974657
georgia	0.00796713031224556
tony	0.006884219642261771
air	0.005755204087896121
bxn	0.00491970925206705
university	0.004661044359235571
reserve	0.0043042704984094515
distribution	0.0032195090824569442
rlk	0.0030895601738424746
athens	0.0026301763505411206
covington	0.0025233022505728275
qax	0.002499187065408478
uucp	0.002432304595119922
okz	0.0024204782975362545
mcovingt	0.002410804490094204
blah	0.0023955935294682406
fij	0.002381117820041116
polytechnic	0.0022059133882790342
nrhj	0.00220400327001043
matthew	0.0020234015759136316
biz	0.00201304592107965
usa	0.0019692562305553543
fyn	0.0017907512714738932
james	0.0017609413122919486
intelligence	0.0016968175773392957
order	0.0016787409463213919
urbana	0.001617726009243654
chen	0.0016001545280773354
wwiz	0.0015939509030954207
artificial	0.0015365375506284033
ghj	0.0015349179050279085
nuy	0.0015349166996922897
qtm	0.0014955569035726359
amateur	0.0014946357878347254
ahf	0.0014168531666532017
morgan	0.0013749025957181425
atlanta	0.0013414634365928769
associate	0.0013361217523804845
cliff	0.0013238823665650404
tektronix	0.0013154984926963995
gizw	0.0012987634758329363
dakota	0.0012142899650572636

TOPIC 6
file	0.02484289147123589
program	0.015017286057226234
files	0.013433393073273053
read	0.011877946851414198
image	0.011410131984464784
bit	0.00886272479699792
find	0.008267585047263607
jpeg	0.00794040048406904
format	0.0069698240118236466
group	0.006965930958274173
write	0.006554651651217418
version	0.006494144887188256
copy	0.006310220996157169
gif	0.006251119070207468
images	0.006233060362923068
software	0.00612083941446048
programs	0.0059828303282701955
quality	0.00595288898480846
number	0.005639300552008093
posting	0.005461515686078936
output	0.005357289705467855
newsgroup	0.005139218544337652
good	0.004841720076047852
free	0.004765425792055501
info	0.00456970756800882
size	0.004416008773792977
reading	0.0043726231215876765
send	0.004367867805120813
entry	0.004331373357341165
change	0.004271627398970892
faq	0.004231882297455119
graphics	0.004153087258851109
usenet	0.004121045876278514
questions	0.004054243249466614
address	0.0037580063984334194
better	0.0037554847149276253
text	0.003716873140606928
convert	0.003631856511618694
posted	0.003624691560014268
post	0.0035966648174146315
display	0.003522876195229641
lines	0.003501500612236739
note	0.0033533265664706987
code	0.0032585755922281737
author	0.0032376980279453984
original	0.003220325775562101
ftp	0.0031836906307615475
source	0.0031130163354576618
current	0.0030656499340795643
rules	0.0030194018859202028

TOPIC 7
year	0.015893111022767036
good	0.012539999544698468
better	0.009633698535289326
game	0.008562085043336385
writes	0.008351703274877451
baseball	0.008207561953136459
organization	0.007047634004178513
hit	0.006791290452693162
lines	0.006606416347225713
games	0.006560086278742363
subject	0.006427016903735493
team	0.006114335799998193
article	0.005746753279239925
players	0.005601946174250992
runs	0.005548635086697087
best	0.005266734668070128
years	0.005202812058247168
mike	0.004900488784537977
dave	0.004753570928500411
average	0.004513533574023812
bob	0.004295410613187576
mark	0.004267923537899464
lot	0.004225392619978167
win	0.004125181650865237
guys	0.003973430390361472
david	0.0037548090566536267
ball	0.0036835759108163183
bad	0.0036285392474679915
smith	0.0036272804600918714
play	0.0033986390633716787
morris	0.0033922522683110714
player	0.0032971836019746056
braves	0.0032859276915967075
league	0.0032748749706849197
ted	0.003239169561946843
pretty	0.0032221746608697742
roger	0.0031882121662736443
jack	0.0031484722795887916
base	0.0029332266943599694
big	0.0028833508883823345
season	0.0028330617875880495
second	0.002758017426295433
great	0.002632935931842439
long	0.0026099134123871793
won	0.0025757322313985837
stats	0.0024278589869994177
pitching	0.002359965899862586
pitcher	0.0023273037749965233
going	0.0023140605081779357
hitting	0.002306406362384521

TOPIC 8
people	0.01845790729390522
writes	0.012112228870923334
money	0.010672401698434713
article	0.010507110514554776
care	0.006738698784164528
pay	0.005964508297485561
subject	0.005417667252143444
sex	0.00535662315443085
government	0.005323156624225983
opinions	0.00491031203054892
cramer	0.004905424969897287
men	0.004801030340534437
insurance	0.004541625374094149
lines	0.004539571542691034
homosexual	0.004504530106588157
private	0.004480655750405265
gay	0.0044462195168765905
organization	0.004311346454735673
free	0.004309333552441387
homosexuality	0.004171748408296581
society	0.003979951319399262
drugs	0.003849692637771054
sexual	0.003831894640581909
mine	0.0036766671777087568
health	0.003504605640661701
tax	0.0034875362925215455
business	0.0032680235725507578
case	0.003174703519232351
study	0.0031437578890012286
clayton	0.003068021214333623
public	0.0030583487929240474
good	0.0028370212367427347
homosexuals	0.0027691269375037858
support	0.00276365564627424
paul	0.0026193538136178363
drug	0.0025856760586241375
male	0.0025384092787642354
state	0.0024589643353244038
person	0.0024485932891422472
uunet	0.0024279036613115397
find	0.0024011711273965617
fact	0.0023762674679022053
going	0.002334435302256362
laws	0.002307686989258856
taxes	0.0022910459191552222
system	0.0022888486828967977
idea	0.002239555528522078
point	0.002227836981262382
interest	0.002186799674441382
number	0.0021740094670676686

TOPIC 9
medical	0.007165393476969823
disease	0.004663290779054671
health	0.004540486560107551
food	0.004509861467699563
gordon	0.004091925094555806
cancer	0.00388108738865966
number	0.003875914220667583
medicine	0.003870386813351942
study	0.003831450258011406
msg	0.0036589072718309613
patients	0.003651573778176311
years	0.0035573109849136135
treatment	0.0033344058334082638
good	0.0033178201483400347
doctor	0.00320007411705987
banks	0.0031316691761490347
pain	0.003088204849391829
effects	0.002782435964858173
people	0.0027599638881312637
david	0.0027501276647471655
aids	0.002714863719498516
risk	0.00270612923033365
problem	0.002654087568395041
studies	0.0026436189459774864
body	0.0026379409527358478
geb	0.0025777011209409135
school	0.0024963795406937796
control	0.002438827419273506
problems	0.002422647604641668
diet	0.0024203469065243463
rate	0.002411142609681816
help	0.0022827227582661426
april	0.0022710732438168306
day	0.002193200101414846
candida	0.0021884177838208045
blood	0.0021870689714999355
national	0.0021711944195874286
drug	0.0021643483952080225
gun	0.0021618059725871104
vitamin	0.0020710567542649083
hiv	0.002022464584398859
months	0.002014789772299337
yeast	0.0019622980816502906
high	0.001958451435992006
cases	0.001925471323439674
patient	0.0019141484191915843
effective	0.0019128892308449324
infection	0.0018520406017069817
eat	0.0018446818111811079
steve	0.0018163657683886645

TOPIC 10
people	0.018905805663358533
going	0.014074373089693433
fire	0.008263912770395026
told	0.007854593120082173
children	0.007545240656408396
started	0.007481882339458264
day	0.00701791847726334
things	0.006772978899091242
thought	0.006688088126509231
fbi	0.006642236765107276
happened	0.006080536821833479
heard	0.005516092538571641
koresh	0.005288866870777725
remember	0.005019069896753777
days	0.004854610788560694
thing	0.004710377079523286
kill	0.0044197560663590246
place	0.004391303940964373
building	0.003979406370766965
good	0.0037932311266812638
wanted	0.0034898277047728425
gas	0.003473368689064125
bad	0.003446265317902929
compound	0.003437455973039452
waco	0.003426929865296441
happen	0.0034115597737978706
leave	0.0032764935220820995
door	0.003223700230923442
atf	0.0031289052237164065
police	0.003079733411958839
story	0.0030608680909592154
asked	0.0030542337960595095
killed	0.003031094633686469
dead	0.003017376418274403
inside	0.002972427972702357
find	0.002962743114209173
guy	0.002918711854411684
kind	0.0028941883030128993
coming	0.0028341217195983277
long	0.0027990134984975296
hear	0.0027950754334268883
night	0.0027766164963436576
hours	0.002770943968960563
start	0.002766951128234053
room	0.002737694736164731
years	0.002732040025152922
ago	0.0026656492503784454
knew	0.0026632372719093142
hand	0.0026626425551107055
lot	0.0026443395448522643

TOPIC 11
writes	0.09672919537457444
article	0.079128081971769
organization	0.06947152802852459
subject	0.06828361788796969
lines	0.06759336669922171
university	0.043648412114002645
apr	0.012454074187959803
state	0.008676302190506803
andrew	0.007609098362857095
scott	0.007541774598698242
texas	0.007521578785510365
steve	0.0069027895283221155
tom	0.005913411301566596
california	0.005809951204406237
david	0.005757886548810096
john	0.005462275661846387
news	0.005224941249455543
brian	0.004920054048377588
gmt	0.004844228788805173
distribution	0.0047419764000469775
heard	0.004500060678583354
andy	0.004111905880076889
illinois	0.003909351519165978
doug	0.00385694258407973
lost	0.003848777174949872
jason	0.0037767564929519423
vms	0.0036748080855263307
cleveland	0.003626092599257935
austin	0.00352430907466681
chicago	0.0035049170888851646
world	0.003456396561432521
joe	0.0034411308709771504
ken	0.0033294704399377
post	0.0032180897220597717
vax	0.0031733400980618756
mellon	0.0031641167586023305
western	0.003075250938332432
carnegie	0.002996015761294991
kevin	0.0029735297129392913
colorado	0.002768375345891302
steven	0.002688309021307706
bill	0.0025677390602514543
school	0.002482592701044318
vnews	0.002449598022637608
york	0.0024327966429665334
ohio	0.002374147997118185
day	0.0023382863746900886
pittsburgh	0.0022579361499105175
west	0.002094857413710233
week	0.002045736129244903

TOPIC 12
israel	0.008027555713279864
people	0.00783054120876485
gun	0.0071507859159206195
state	0.00702346622160865
president	0.007013904178278126
government	0.006095685873479724
rights	0.005379071315357415
israeli	0.0052779957461936465
law	0.0052057078294257715
states	0.004647538494108932
guns	0.004015577739381874
control	0.003760138230483535
weapons	0.003647833000237663
american	0.0036123113433248967
going	0.0033817737534268958
clinton	0.003207103298541389
war	0.003160612218712535
country	0.0031223641455867877
united	0.0030510361449294504
police	0.003043544660443734
arab	0.00287904958473026
bill	0.0028677618064454438
house	0.00286748996202951
peace	0.0027919488388943826
stephanopoulos	0.002769162541445441
federal	0.0027351992876751947
public	0.00273199369465353
policy	0.0026746045744450806
press	0.002625235374791215
military	0.002581452318182566
batf	0.002556285777480766
congress	0.002519019927404203
arms	0.0024772981490207
question	0.0024728324852181767
firearms	0.0024109460396585457
action	0.002349141041466394
amendment	0.0022639753294149394
myers	0.002212083924947871
members	0.00217320908538696
department	0.002169413513541424
case	0.0021647007887388913
media	0.0021527920543856754
constitution	0.002140250085414236
crime	0.0021389146273827152
years	0.002138285478484231
general	0.002088323882833562
citizens	0.002081587339024535
political	0.00207127719748722
court	0.0020539140386814686
today	0.002017563856178434

TOPIC 13
key	0.017138126451457597
chip	0.011342104168457441
clipper	0.010215974428732502
encryption	0.009945807800758762
government	0.007932040491742495
message	0.007674605292718543
keys	0.0070033772538732894
public	0.006841072817287549
system	0.00645901025939125
security	0.005996171376611936
phone	0.0054555280446018355
technology	0.005370428317712428
law	0.005222024249464151
algorithm	0.0048311527504339355
communications	0.004778570140357874
data	0.0046880646049060875
privacy	0.004513026651486716
number	0.004438039491668685
des	0.004369169247040463
access	0.004106627173725119
bit	0.004029800254895526
computer	0.0038712272361116533
secure	0.0038005896521016644
nsa	0.003698252268756602
secret	0.0036950795032991528
internet	0.0035720229673825124
escrow	0.0034382287727380643
david	0.0034357233946381307
pgp	0.0032618849631896375
crypto	0.0032020026439114413
systems	0.0031381159971268706
private	0.0030521142955504048
enforcement	0.0029936291225274828
subject	0.0029646045066599336
order	0.0028420762141329755
code	0.002739839099191183
block	0.0026295197744660203
agencies	0.0025126557902643994
people	0.002481658174435991
chips	0.0024704642214912645
encrypted	0.0024600380364702603
cryptography	0.002414083275118566
organization	0.002371146688112253
wiretap	0.0023609603543285106
trust	0.0023558767082990867
voice	0.0023516902914344218
lines	0.0023233331744235805
strong	0.002288769012710336
find	0.002276528555360845
anonymous	0.0022326708139651687

TOPIC 14
car	0.018988666440464617
bike	0.00822455348772404
writes	0.007992476068025329
dod	0.007742816472649295
article	0.0071990444782069835
cars	0.006552207971301941
good	0.006097020449660216
engine	0.005716078535009872
lines	0.005311850323522039
subject	0.005196210331120218
organization	0.0051137989999694424
front	0.0050445861720654715
road	0.004110917640532467
oil	0.003964192669908971
ride	0.003806358652762291
buy	0.003787765476271474
speed	0.003619314329012833
bmw	0.0035911768640847874
miles	0.0035339719124200314
driving	0.003237377757148069
dealer	0.0031231113790544033
ford	0.0030169506678083286
riding	0.002831082869369912
dog	0.0028147847137312714
thing	0.0028079259982764096
honda	0.0026165835364221827
better	0.00252775507017763
motorcycle	0.002408832611429416
turn	0.0023894132424141087
advice	0.0023841590635526625
radar	0.0023810023824432066
side	0.0023675680513220456
nice	0.002349065832353674
bikes	0.002215569143681652
rear	0.0021694727973486823
fast	0.0020692950412999947
wheel	0.0019079015411471697
opinions	0.0019063830072045525
mike	0.0018831071834071005
auto	0.0018776663984196318
helmet	0.0018692184658252384
craig	0.0018326659791681515
lot	0.0018237239583273183
buying	0.0018197333372405751
real	0.0018175829534919914
bought	0.0018150362143542831
gear	0.0017509463579778047
tires	0.0017497207293387027
owner	0.0017248933724559562
big	0.0017056224486206968

TOPIC 15
lines	0.040658399224549086
organization	0.04022133239771017
subject	0.04009689932291143
distribution	0.0331758583891505
usa	0.02821967801521781
sale	0.015444379509665014
interested	0.012664349911691916
price	0.01185096323258148
college	0.011774167957099145
university	0.011584964990886812
robert	0.010750468562087053
computer	0.008617186335747382
offer	0.00830196370491915
book	0.007416384950181572
sell	0.007398139913479272
mark	0.007029352410828927
send	0.0059215177330843236
call	0.00552677662823533
shipping	0.005471441071127688
black	0.005417348838598269
condition	0.005238535992222657
cover	0.004894121679361899
email	0.0046573912710243595
books	0.004579634505644565
best	0.004411895470965367
mail	0.004333644248503579
appears	0.004277831926456988
original	0.004204236197208805
rob	0.004101417588122367
excellent	0.004064959659715661
good	0.004019614887644527
world	0.003940280626322893
richard	0.003763683799920806
art	0.0037089409842600224
john	0.0036597884200413053
green	0.003522729948468544
sold	0.003476486582011119
selling	0.00344458438879841
originator	0.0033765512126547226
state	0.003349434009462193
reply	0.003313992239571712
alan	0.0031460318366524336
miller	0.002985272101855028
univ	0.0028876529179140955
jeff	0.002844380802839283
keywords	0.0028379411213966966
stuff	0.0028202078700236377
music	0.002731103012103336
paid	0.0027151899636035943
paper	0.002686016806294834

TOPIC 16
power	0.013555043477766968
subject	0.012940982520779756
lines	0.011089458899520456
organization	0.00800455015424457
sound	0.00704242800867266
work	0.006183466048198436
radio	0.005355944326736927
ground	0.004999930496419554
water	0.004725859634894637
current	0.0046949310920924685
high	0.0045721193010159625
good	0.004479259511829883
supply	0.004396314258781838
company	0.004343259596258038
battery	0.00417972768252353
light	0.00410742635758021
phone	0.004105202142301618
equipment	0.0039335732181698365
circuit	0.003584792966494269
cable	0.0035663281320549253
audio	0.0035196020304794984
electronics	0.0035128995099455327
box	0.0034970042230175664
problem	0.0034585438221484675
keyboard	0.003373302549305296
heat	0.0033337259991559503
low	0.0032586688359141167
question	0.0032493269400670887
wire	0.0032300716141723702
hot	0.003194861281462722
signal	0.0031863992682177643
electrical	0.003045061303176839
thing	0.00287076179328055
switch	0.002789676913641061
control	0.0026577825970590316
noise	0.0024902776032069904
input	0.0024875810975204427
case	0.002344997581331649
stuff	0.0023021801057336163
service	0.002293499572919846
writes	0.0022724659074166743
long	0.0022534376262835654
digital	0.002244626342439281
motorola	0.002238698182660139
cheap	0.0022093493581407243
john	0.002206349606107751
voltage	0.0021715230920208786
output	0.002159011361122048
connected	0.002158693335829984
wiring	0.0021058055920065493

TOPIC 17
people	0.009995039928558725
writes	0.009317516833740488
evidence	0.008385389743622112
question	0.008130119352294192
true	0.00800953261257004
article	0.007595434793282491
point	0.007098938769073517
science	0.006946567318874301
wrong	0.006395573087434087
reason	0.006395510325368548
claim	0.006108178576009568
religion	0.005278992186168258
argument	0.005065119239380144
things	0.005043703699092576
moral	0.005015358410444278
fact	0.004970905748287191
agree	0.0049257723420841676
subject	0.00485214953621957
example	0.0048022815952964105
exist	0.004625555143442266
atheists	0.004525419409759701
morality	0.004366761396401353
read	0.004348386391696169
jim	0.004282051120540219
thing	0.004222337253132931
case	0.004067821761234092
truth	0.004007265218557486
keith	0.0039861428042327245
objective	0.0037811749332051616
good	0.0037086350442709845
sense	0.003636225399324517
real	0.0036247089111159803
post	0.0035995414912246815
answer	0.0035765840193297364
statement	0.0035593363922018202
wrote	0.003528263532192217
person	0.0035268671137921558
jon	0.0034498452130209034
religious	0.0034368243960982625
world	0.0033547127047493653
frank	0.003330594355003508
matter	0.0032298672889153296
belief	0.0031814601173990424
atheism	0.003163987603267339
understand	0.0031267780738538906
sandvik	0.003089778166601152
based	0.0030701134553562798
course	0.0030498919911491748
opinion	0.0030439100487367025
existence	0.0030344474772154365

TOPIC 18
window	0.009964927730624873
server	0.007244103658637733
graphics	0.0069593061766670995
data	0.00607849345227982
sun	0.005700623625968459
ftp	0.0056056894979005225
software	0.005596700502176355
application	0.005222256150127488
version	0.005208358488076677
pub	0.005069205096776809
display	0.005014384068913317
code	0.004896960644474199
motif	0.004639871021777454
system	0.004544395047699999
subject	0.004498919930006514
file	0.004496211292421869
program	0.004367337266754966
image	0.00426743408085205
user	0.003891622456688563
send	0.0037660245799539466
package	0.0037030821357890357
mail	0.003599436359823259
widget	0.003438870793201822
unix	0.003322436899540971
systems	0.0032460591269146367
source	0.0031547900248226186
contact	0.0031528262599788363
support	0.0030106002180532642
library	0.0028338391088065947
files	0.002765084735130272
xterm	0.0026734291325662208
applications	0.0025866687759163675
fax	0.002465474449367058
message	0.002439417204312707
lib	0.0024373062158811456
directory	0.00243020473239777
type	0.002416988549233608
running	0.0024120281506600522
work	0.00239097414483508
open	0.00231866949844943
manager	0.0022936618364845806
programs	0.002221464377454928
usr	0.0021887567807706756
resource	0.002184205882402962
mit	0.002175218355637812
computer	0.0021657626989871315
based	0.0021404090256235296
tools	0.002125481418512392
includes	0.002108702542651851
number	0.002103810511430801

TOPIC 19
turkish	0.009687717074647918
armenian	0.009429113959013257
world	0.008873594010272405
people	0.00776035084874032
jews	0.0076687041398941485
armenians	0.0075892629789075985
war	0.005853988051871299
history	0.005731231697578595
muslim	0.0054690971832121035
muslims	0.005468549903423402
armenia	0.005283497152317729
turkey	0.0050074639494692395
turks	0.004993345349148202
genocide	0.004627303067924627
jewish	0.004547236009589842
today	0.004369646561071762
university	0.0042722778180501065
serdar	0.004118238086513242
argic	0.003966169044852589
government	0.003841982962175358
killed	0.003714547489671707
greek	0.003563692354633008
russian	0.0032797080711005414
population	0.003180182228452964
europe	0.00316841225184113
article	0.0027598808725549824
army	0.002726239556226027
dead	0.0026869928913747713
years	0.0026566412487505253
azerbaijan	0.0025696210005444623
work	0.002562970935748586
mountain	0.0024936855405882728
nazi	0.0024595217104903125
escape	0.0023898647428400813
sera	0.0023491374689261885
german	0.0023233687702785303
soviet	0.0023222881669130186
longer	0.0023080548376178812
single	0.002218420119051099
closed	0.0022057037091442774
lines	0.0021877601053392295
subject	0.002180966929418462
nazis	0.0021734836247192663
women	0.0021714897775729517
source	0.002154104800411062
soldiers	0.002125005357426578
greece	0.0021233404265754334
western	0.0020579649155610504
serve	0.002053572795443638
writes	0.0020532817043876464


--------------------------------------------------------------

RESULTS: -1 -1 18846 97732 2133112 20 273.239115 -947.9093688631684 2.132279 1.353895 1.432775 1.320846 1.358314 1.340682 1.329244 1.396841 1.305208 1.344301 1.397263 1.342735 1.303497 1.318436 1.305433 1.309033 1.315335 1.321312 1.316629 1.332216 1.309045 1.322362 1.568792 1.350386 1.40427 1.321581 1.320049 1.310808 1.294794 1.302428 1.300156 1.312079 1.29916 1.355565 1.373248 1.29996 1.302508 1.336667 1.289104 1.298895 1.398594 1.308084 1.30297 1.316185 1.31343 1.298809 1.458508 1.309449 1.411608 1.305865 1.296709 1.423267 1.294916 1.311317 1.289337 1.295818 1.278354 1.295926 1.323028 1.309856 1.317791 1.307472 1.382926 1.408795 1.294376 1.28921 1.296644 1.297924 1.307267 1.29785 1.3088 1.307625 1.311754 1.302413 1.293612 1.322489 1.297191 1.306484 1.307266 1.315402 1.299998 1.305797 1.472601 1.299755 1.461085 1.296365 1.401903 1.296428 1.32545 1.298316 1.302603 1.306962 1.452321 1.351514 1.301056 1.294464 1.314986 1.318534 1.310417 1.312366

==============================================================

